timestamp: 2024-03-28T01:10:33.030140
CREATE TABLE "auth_user"(
    "id" INTEGER PRIMARY KEY AUTOINCREMENT,
    "first_name" CHAR(128),
    "last_name" CHAR(128),
    "email" CHAR(512),
    "password" CHAR(512),
    "registration_key" CHAR(512),
    "reset_password_key" CHAR(512),
    "registration_id" CHAR(512)
);
success!
timestamp: 2024-03-28T01:10:33.047782
CREATE TABLE "auth_group"(
    "id" INTEGER PRIMARY KEY AUTOINCREMENT,
    "role" CHAR(512),
    "description" TEXT
);
success!
timestamp: 2024-03-28T01:10:33.059803
CREATE TABLE "auth_membership"(
    "id" INTEGER PRIMARY KEY AUTOINCREMENT,
    "user_id" INTEGER REFERENCES "auth_user" ("id") ON DELETE CASCADE ON UPDATE CASCADE  ,
    "group_id" INTEGER REFERENCES "auth_group" ("id") ON DELETE CASCADE ON UPDATE CASCADE  
);
success!
timestamp: 2024-03-28T01:10:33.072316
CREATE TABLE "auth_permission"(
    "id" INTEGER PRIMARY KEY AUTOINCREMENT,
    "group_id" INTEGER REFERENCES "auth_group" ("id") ON DELETE CASCADE ON UPDATE CASCADE  ,
    "name" CHAR(512),
    "table_name" CHAR(512),
    "record_id" INTEGER
);
success!
timestamp: 2024-03-28T01:10:33.086016
CREATE TABLE "auth_event"(
    "id" INTEGER PRIMARY KEY AUTOINCREMENT,
    "time_stamp" TIMESTAMP,
    "client_ip" CHAR(512),
    "user_id" INTEGER REFERENCES "auth_user" ("id") ON DELETE CASCADE ON UPDATE CASCADE  ,
    "origin" CHAR(512),
    "description" TEXT
);
success!
timestamp: 2024-03-28T01:10:33.099040
CREATE TABLE "auth_cas"(
    "id" INTEGER PRIMARY KEY AUTOINCREMENT,
    "user_id" INTEGER REFERENCES "auth_user" ("id") ON DELETE CASCADE ON UPDATE CASCADE  ,
    "created_on" TIMESTAMP,
    "service" CHAR(512),
    "ticket" CHAR(512),
    "renew" CHAR(1)
);
success!
timestamp: 2024-03-28T01:14:02.365720
ALTER TABLE "auth_user" ADD "username" CHAR(128);
success!
timestamp: 2024-03-28T01:14:02.419440
CREATE TABLE "image"(
    "id" INTEGER PRIMARY KEY AUTOINCREMENT,
    "date" DATE,
    "title" CHAR(512) UNIQUE,
    "body" TEXT,
    "file" CHAR(512)
);
success!
timestamp: 2024-03-28T01:14:02.429377
CREATE TABLE "category"(
    "id" INTEGER PRIMARY KEY AUTOINCREMENT,
    "name" CHAR(512) UNIQUE
);
success!
timestamp: 2024-03-28T01:14:02.439890
CREATE TABLE "image_category"(
    "id" INTEGER PRIMARY KEY AUTOINCREMENT,
    "image_id" INTEGER REFERENCES "image" ("id") ON DELETE CASCADE ON UPDATE CASCADE  ,
    "category_id" INTEGER REFERENCES "category" ("id") ON DELETE CASCADE ON UPDATE CASCADE  
);
success!
timestamp: 2024-03-28T01:14:02.451519
CREATE TABLE "post"(
    "id" INTEGER PRIMARY KEY AUTOINCREMENT,
    "date" TIMESTAMP,
    "image_id" INTEGER REFERENCES "image" ("id") ON DELETE CASCADE ON UPDATE CASCADE  ,
    "author" CHAR(512),
    "body" TEXT
);
success!
timestamp: 2024-03-28T01:14:02.461716
CREATE TABLE "equipment"(
    "id" INTEGER PRIMARY KEY AUTOINCREMENT,
    "name" CHAR(512) UNIQUE
);
success!
timestamp: 2024-03-28T01:14:02.473237
CREATE TABLE "equipment_model"(
    "id" INTEGER PRIMARY KEY AUTOINCREMENT,
    "equipment_id" INTEGER REFERENCES "equipment" ("id") ON DELETE CASCADE ON UPDATE CASCADE  ,
    "image_id" INTEGER REFERENCES "image" ("id") ON DELETE CASCADE ON UPDATE CASCADE  
);
success!
success!
success!
success!
success!
success!
success!
success!
success!
success!
success!
success!
success!
success!
success!
success!
success!
success!
success!
success!
success!
success!
success!
success!
success!
success!
success!
success!
success!
success!
success!
success!
success!
success!
success!
success!
success!
success!
success!
success!
success!
success!
success!
success!
success!
success!
success!
success!
success!
success!
success!
success!
success!
success!
success!
success!
success!
success!
success!
success!
success!
success!
success!
success!
success!
success!
success!
success!
success!
success!
success!
success!
success!
success!
success!
success!
success!
success!
success!
success!
success!
success!
success!
success!
success!
success!
success!
success!
success!
success!
success!
success!
success!
success!
success!
success!
success!
success!
success!
success!
success!
success!
success!
success!
success!
success!
success!
success!
success!
success!
success!
success!
success!
success!
success!
success!
success!
success!
success!
success!
success!
success!
success!
success!
success!
success!
success!
success!
success!
success!
success!
success!
success!
success!
success!
success!
success!
success!
success!
success!
success!
success!
success!
success!
success!
success!
success!
success!
success!
success!
success!
success!
success!
success!
success!
success!
success!
success!
success!
success!
success!
success!
success!
success!
success!
success!
success!
success!
success!
success!
success!
success!
success!
success!
success!
success!
success!
success!
success!
success!
success!
success!
success!
success!
success!
success!
success!
success!
success!
success!
success!
success!
success!
success!
success!
success!
success!
success!
success!
success!
success!
success!
success!
success!
success!
success!
success!
success!
success!
success!
success!
success!
success!
success!
success!
success!
success!
success!
success!
success!
success!
success!
success!
success!
success!
success!
success!
success!
success!
success!
success!
success!
success!
success!
success!
success!
success!
success!
success!
success!
success!
success!
success!
success!
success!
success!
success!
success!
success!
success!
success!
success!
success!
success!
success!
success!
success!
success!
success!
success!
success!
success!
success!
success!
success!
success!
success!
success!
success!
success!
success!
success!
success!
success!
success!
success!
success!
success!
success!
success!
success!
success!
success!
success!
success!
success!
success!
success!
success!
success!
success!
success!
success!
success!
success!
success!
success!
success!
success!
success!
success!
success!
success!
success!
success!
success!
success!
success!
success!
success!
success!
success!
success!
success!
success!
success!
success!
success!
success!
success!
success!
success!
success!
success!
success!
success!
success!
success!
success!
success!
success!
success!
success!
success!
success!
success!
success!
success!
success!
success!
success!
success!
success!
success!
success!
success!
success!
success!
success!
success!
success!
success!
success!
success!
success!
success!
success!
success!
success!
success!
success!
success!
success!
success!
success!
success!
success!
success!
success!
success!
success!
success!
success!
success!
success!
success!
success!
success!
success!
success!
success!
success!
success!
success!
success!
success!
success!
success!
success!
success!
success!
success!
success!
success!
success!
success!
success!
success!
success!
success!
success!
success!
success!
success!
success!
success!
success!
success!
success!
success!
success!
success!
success!
success!
success!
success!
success!
success!
success!
success!
success!
success!
success!
success!
success!
success!
success!
success!
success!
success!
success!
success!
success!
success!
success!
success!
success!
success!
success!
success!
success!
success!
success!
success!
success!
success!
success!
success!
success!
success!
success!
success!
success!
success!
success!
success!
success!
success!
success!
success!
success!
success!
success!
success!
success!
success!
success!
success!
success!
success!
success!
success!
success!
success!
success!
success!
success!
success!
success!
success!
success!
success!
success!
success!
success!
success!
success!
success!
success!
success!
success!
success!
success!
success!
success!
success!
success!
success!
success!
success!
success!
success!
success!
success!
success!
success!
success!
success!
success!
success!
success!
